0 info it worked if it ends with ok
1 verbose cli [ '/usr/bin/node',
1 verbose cli   '/usr/bin/npm',
1 verbose cli   'install',
1 verbose cli   '-g',
1 verbose cli   'learnyounode' ]
2 info using npm@1.4.28
3 info using node@v0.10.37
4 verbose node symlink /usr/bin/node
5 verbose cache add [ 'learnyounode', null ]
6 verbose cache add name=undefined spec="learnyounode" args=["learnyounode",null]
7 verbose parsed url { protocol: null,
7 verbose parsed url   slashes: null,
7 verbose parsed url   auth: null,
7 verbose parsed url   host: null,
7 verbose parsed url   port: null,
7 verbose parsed url   hostname: null,
7 verbose parsed url   hash: null,
7 verbose parsed url   search: null,
7 verbose parsed url   query: null,
7 verbose parsed url   pathname: 'learnyounode',
7 verbose parsed url   path: 'learnyounode',
7 verbose parsed url   href: 'learnyounode' }
8 silly lockFile 8d456d9f-learnyounode learnyounode
9 verbose lock learnyounode /home/carlos/.npm/8d456d9f-learnyounode.lock
10 silly lockFile 8d456d9f-learnyounode learnyounode
11 silly lockFile 8d456d9f-learnyounode learnyounode
12 verbose addNamed [ 'learnyounode', '' ]
13 verbose addNamed [ null, '*' ]
14 silly lockFile a353de34-learnyounode learnyounode@
15 verbose lock learnyounode@ /home/carlos/.npm/a353de34-learnyounode.lock
16 silly addNameRange { name: 'learnyounode', range: '*', hasData: false }
17 verbose request where is /learnyounode
18 verbose request registry https://registry.npmjs.org/
19 verbose request id 94a2285be544ed79
20 verbose url raw /learnyounode
21 verbose url resolving [ 'https://registry.npmjs.org/', './learnyounode' ]
22 verbose url resolved https://registry.npmjs.org/learnyounode
23 verbose request where is https://registry.npmjs.org/learnyounode
24 info trying registry request attempt 1 at 17:49:20
25 http GET https://registry.npmjs.org/learnyounode
26 http 200 https://registry.npmjs.org/learnyounode
27 silly registry.get cb [ 200,
27 silly registry.get   { server: 'CouchDB/1.5.0 (Erlang OTP/R16B03)',
27 silly registry.get     etag: '"AL4DQOGZMHEUBFMLZ9WDU74PM"',
27 silly registry.get     'content-type': 'application/json',
27 silly registry.get     'cache-control': 'max-age=60',
27 silly registry.get     'content-length': '143589',
27 silly registry.get     'accept-ranges': 'bytes',
27 silly registry.get     date: 'Thu, 12 Nov 2015 22:49:20 GMT',
27 silly registry.get     via: '1.1 varnish',
27 silly registry.get     age: '0',
27 silly registry.get     connection: 'keep-alive',
27 silly registry.get     'x-served-by': 'cache-iad2134-IAD',
27 silly registry.get     'x-cache': 'HIT',
27 silly registry.get     'x-cache-hits': '1',
27 silly registry.get     'x-timer': 'S1447368560.882739,VS0,VE102',
27 silly registry.get     vary: 'Accept' } ]
28 silly addNameRange number 2 { name: 'learnyounode', range: '*', hasData: true }
29 silly addNameRange versions [ 'learnyounode',
29 silly addNameRange   [ '0.0.0',
29 silly addNameRange     '0.0.1',
29 silly addNameRange     '0.0.2',
29 silly addNameRange     '0.0.3',
29 silly addNameRange     '0.0.4',
29 silly addNameRange     '0.0.5',
29 silly addNameRange     '0.0.6',
29 silly addNameRange     '0.0.7',
29 silly addNameRange     '0.0.8',
29 silly addNameRange     '0.0.9',
29 silly addNameRange     '0.1.0',
29 silly addNameRange     '0.1.1',
29 silly addNameRange     '0.2.0',
29 silly addNameRange     '0.2.1',
29 silly addNameRange     '0.2.2',
29 silly addNameRange     '0.2.3',
29 silly addNameRange     '0.2.4',
29 silly addNameRange     '0.2.5',
29 silly addNameRange     '0.2.6',
29 silly addNameRange     '0.2.7',
29 silly addNameRange     '0.2.8',
29 silly addNameRange     '0.2.9',
29 silly addNameRange     '0.2.10',
29 silly addNameRange     '0.2.11',
29 silly addNameRange     '0.2.12',
29 silly addNameRange     '0.2.13',
29 silly addNameRange     '0.2.14',
29 silly addNameRange     '0.2.15',
29 silly addNameRange     '0.2.16',
29 silly addNameRange     '0.2.16-mimbug',
29 silly addNameRange     '0.3.0',
29 silly addNameRange     '0.3.1',
29 silly addNameRange     '0.3.2',
29 silly addNameRange     '0.3.3',
29 silly addNameRange     '0.4.0',
29 silly addNameRange     '0.4.1',
29 silly addNameRange     '1.0.0-alpha01',
29 silly addNameRange     '1.0.0',
29 silly addNameRange     '1.0.1',
29 silly addNameRange     '1.0.2',
29 silly addNameRange     '1.0.3',
29 silly addNameRange     '1.0.4',
29 silly addNameRange     '1.0.5',
29 silly addNameRange     '1.0.6',
29 silly addNameRange     '1.0.7',
29 silly addNameRange     '2.0.0',
29 silly addNameRange     '2.0.1',
29 silly addNameRange     '2.1.0',
29 silly addNameRange     '2.2.0',
29 silly addNameRange     '2.2.1',
29 silly addNameRange     '2.2.2',
29 silly addNameRange     '2.3.0',
29 silly addNameRange     '2.3.1',
29 silly addNameRange     '2.3.2',
29 silly addNameRange     '2.3.3',
29 silly addNameRange     '2.3.4',
29 silly addNameRange     '2.4.0',
29 silly addNameRange     '2.5.0',
29 silly addNameRange     '2.6.0',
29 silly addNameRange     '2.5.1',
29 silly addNameRange     '2.5.2',
29 silly addNameRange     '2.7.0',
29 silly addNameRange     '2.7.1',
29 silly addNameRange     '2.7.2',
29 silly addNameRange     '3.0.0',
29 silly addNameRange     '3.0.1',
29 silly addNameRange     '3.1.0',
29 silly addNameRange     '3.1.1',
29 silly addNameRange     '3.1.2' ] ]
30 verbose addNamed [ 'learnyounode', '3.1.2' ]
31 verbose addNamed [ '3.1.2', '3.1.2' ]
32 silly lockFile b30f2059-learnyounode-3-1-2 learnyounode@3.1.2
33 verbose lock learnyounode@3.1.2 /home/carlos/.npm/b30f2059-learnyounode-3-1-2.lock
34 silly lockFile 1fe5e82a-rnyounode-learnyounode-3-1-2-tgz https://registry.npmjs.org/learnyounode/-/learnyounode-3.1.2.tgz
35 verbose lock https://registry.npmjs.org/learnyounode/-/learnyounode-3.1.2.tgz /home/carlos/.npm/1fe5e82a-rnyounode-learnyounode-3-1-2-tgz.lock
36 verbose addRemoteTarball [ 'https://registry.npmjs.org/learnyounode/-/learnyounode-3.1.2.tgz',
36 verbose addRemoteTarball   '8cc8539f596bb83f9c6d17d8d4587b73f276b9a8' ]
37 info retry fetch attempt 1 at 17:49:21
38 verbose fetch to= /tmp/npm-3915-UJm22TRL/registry.npmjs.org/learnyounode/-/learnyounode-3.1.2.tgz
39 http GET https://registry.npmjs.org/learnyounode/-/learnyounode-3.1.2.tgz
40 http 200 https://registry.npmjs.org/learnyounode/-/learnyounode-3.1.2.tgz
41 silly lockFile 1fe5e82a-rnyounode-learnyounode-3-1-2-tgz https://registry.npmjs.org/learnyounode/-/learnyounode-3.1.2.tgz
42 silly lockFile 1fe5e82a-rnyounode-learnyounode-3-1-2-tgz https://registry.npmjs.org/learnyounode/-/learnyounode-3.1.2.tgz
43 silly lockFile b30f2059-learnyounode-3-1-2 learnyounode@3.1.2
44 silly lockFile b30f2059-learnyounode-3-1-2 learnyounode@3.1.2
45 silly lockFile a353de34-learnyounode learnyounode@
46 silly lockFile a353de34-learnyounode learnyounode@
47 silly resolved [ { name: 'learnyounode',
47 silly resolved     version: '3.1.2',
47 silly resolved     description: 'Learn You The Node.js For Much Win! An intro to Node.js via a set of self-guided workshops.',
47 silly resolved     author:
47 silly resolved      { name: 'Rod Vagg',
47 silly resolved        email: 'rod@vagg.org',
47 silly resolved        url: 'https://github.com/rvagg' },
47 silly resolved     contributors:
47 silly resolved      [ [Object],
47 silly resolved        [Object],
47 silly resolved        [Object],
47 silly resolved        [Object],
47 silly resolved        [Object],
47 silly resolved        [Object],
47 silly resolved        [Object],
47 silly resolved        [Object],
47 silly resolved        [Object],
47 silly resolved        [Object],
47 silly resolved        [Object],
47 silly resolved        [Object],
47 silly resolved        [Object],
47 silly resolved        [Object],
47 silly resolved        [Object],
47 silly resolved        [Object],
47 silly resolved        [Object],
47 silly resolved        [Object],
47 silly resolved        [Object],
47 silly resolved        [Object],
47 silly resolved        [Object],
47 silly resolved        [Object],
47 silly resolved        [Object],
47 silly resolved        [Object],
47 silly resolved        [Object],
47 silly resolved        [Object],
47 silly resolved        [Object],
47 silly resolved        [Object],
47 silly resolved        [Object],
47 silly resolved        [Object],
47 silly resolved        [Object],
47 silly resolved        [Object],
47 silly resolved        [Object],
47 silly resolved        [Object],
47 silly resolved        [Object],
47 silly resolved        [Object],
47 silly resolved        [Object],
47 silly resolved        [Object] ],
47 silly resolved     repository:
47 silly resolved      { type: 'git',
47 silly resolved        url: 'https://github.com/rvagg/learnyounode.git' },
47 silly resolved     license: 'MIT',
47 silly resolved     dependencies:
47 silly resolved      { after: '~0.8.1',
47 silly resolved        bl: '~0.9.4',
47 silly resolved        boganipsum: '~0.1.0',
47 silly resolved        chalk: '~0.5.1',
47 silly resolved        'colors-tmpl': '~1.0.0',
47 silly resolved        'combined-stream': '~0.0.7',
47 silly resolved        'concat-stream': '~1.4.7',
47 silly resolved        duplexer: '~0.1.1',
47 silly resolved        hyperquest: '~1.0.1',
47 silly resolved        rimraf: '~2.2.8',
47 silly resolved        through: '~2.3.6',
47 silly resolved        through2: '~0.6.3',
47 silly resolved        'through2-map': '~1.4.0',
47 silly resolved        'workshopper-adventure': '^4.3.1',
47 silly resolved        'workshopper-exercise': '~2.5.3',
47 silly resolved        'workshopper-wrappedexec': '~0.1.1' },
47 silly resolved     devDependencies: { 'workshopper-adventure-test': '~1.0.0' },
47 silly resolved     scripts: { test: 'workshopper-adventure-test' },
47 silly resolved     bin: { learnyounode: './bin/learnyounode' },
47 silly resolved     main: './learnyounode.js',
47 silly resolved     preferGlobal: true,
47 silly resolved     gitHead: 'b9fb378743e22c7686512885c898cb6ffa55f1aa',
47 silly resolved     bugs: { url: 'https://github.com/rvagg/learnyounode/issues' },
47 silly resolved     homepage: 'https://github.com/rvagg/learnyounode',
47 silly resolved     _id: 'learnyounode@3.1.2',
47 silly resolved     _shasum: '8cc8539f596bb83f9c6d17d8d4587b73f276b9a8',
47 silly resolved     _from: 'learnyounode@',
47 silly resolved     _npmVersion: '2.14.7',
47 silly resolved     _nodeVersion: '4.2.1',
47 silly resolved     _npmUser: { name: 'leichtgewicht', email: 'martin.heidegger@gmail.com' },
47 silly resolved     dist:
47 silly resolved      { shasum: '8cc8539f596bb83f9c6d17d8d4587b73f276b9a8',
47 silly resolved        tarball: 'http://registry.npmjs.org/learnyounode/-/learnyounode-3.1.2.tgz' },
47 silly resolved     maintainers: [ [Object], [Object], [Object] ],
47 silly resolved     directories: {},
47 silly resolved     _resolved: 'https://registry.npmjs.org/learnyounode/-/learnyounode-3.1.2.tgz' } ]
48 info install learnyounode@3.1.2 into /usr/lib
49 info installOne learnyounode@3.1.2
50 verbose lib/node_modules/learnyounode unbuild
51 verbose tar unpack /home/carlos/.npm/learnyounode/3.1.2/package.tgz
52 silly lockFile 82c19372-sr-lib-node-modules-learnyounode tar:///usr/lib/node_modules/learnyounode
53 verbose lock tar:///usr/lib/node_modules/learnyounode /home/carlos/.npm/82c19372-sr-lib-node-modules-learnyounode.lock
54 silly lockFile 06c93185-m-learnyounode-3-1-2-package-tgz tar:///home/carlos/.npm/learnyounode/3.1.2/package.tgz
55 verbose lock tar:///home/carlos/.npm/learnyounode/3.1.2/package.tgz /home/carlos/.npm/06c93185-m-learnyounode-3-1-2-package-tgz.lock
56 silly gunzTarPerm modes [ '775', '664' ]
57 error Error: EACCES, mkdir '/usr/lib/node_modules/learnyounode'
57 error  { [Error: EACCES, mkdir '/usr/lib/node_modules/learnyounode']
57 error   errno: 3,
57 error   code: 'EACCES',
57 error   path: '/usr/lib/node_modules/learnyounode',
57 error   fstream_type: 'Directory',
57 error   fstream_path: '/usr/lib/node_modules/learnyounode',
57 error   fstream_class: 'DirWriter',
57 error   fstream_stack:
57 error    [ '/usr/lib/node_modules/npm/node_modules/fstream/lib/dir-writer.js:36:23',
57 error      '/usr/lib/node_modules/npm/node_modules/mkdirp/index.js:46:53',
57 error      'Object.oncomplete (fs.js:108:15)' ] }
58 error Please try running this command again as root/Administrator.
59 error System Linux 3.19.0-33-generic
60 error command "/usr/bin/node" "/usr/bin/npm" "install" "-g" "learnyounode"
61 error cwd /home/carlos/Documentos/javascripting
62 error node -v v0.10.37
63 error npm -v 1.4.28
64 error path /usr/lib/node_modules/learnyounode
65 error fstream_path /usr/lib/node_modules/learnyounode
66 error fstream_type Directory
67 error fstream_class DirWriter
68 error code EACCES
69 error errno 3
70 error stack Error: EACCES, mkdir '/usr/lib/node_modules/learnyounode'
71 error fstream_stack /usr/lib/node_modules/npm/node_modules/fstream/lib/dir-writer.js:36:23
71 error fstream_stack /usr/lib/node_modules/npm/node_modules/mkdirp/index.js:46:53
71 error fstream_stack Object.oncomplete (fs.js:108:15)
72 verbose exit [ 3, true ]
